#
# There is insufficient memory for the Java Runtime Environment to continue.
# Native memory allocation (malloc) failed to allocate 131088 bytes for Chunk::new
# Possible reasons:
#   The system is out of physical RAM or swap space
#   The process is running with CompressedOops enabled, and the Java Heap may be blocking the growth of the native heap
# Possible solutions:
#   Reduce memory load on the system
#   Increase physical memory or swap space
#   Check if swap backing store is full
#   Decrease Java heap size (-Xmx/-Xms)
#   Decrease number of Java threads
#   Decrease Java thread stack sizes (-Xss)
#   Set larger code cache with -XX:ReservedCodeCacheSize=
#   JVM is running with Unscaled Compressed Oops mode in which the Java heap is
#     placed in the first 4GB address space. The Java Heap base address is the
#     maximum limit for the native heap growth. Please use -XX:HeapBaseMinAddress
#     to set the Java Heap base and to place the Java Heap above 4GB virtual address.
# This output file may be truncated or incomplete.
#
#  Out of Memory Error (arena.cpp:189), pid=37648, tid=42356
#
# JRE version: OpenJDK Runtime Environment (17.0.6) (build 17.0.6+0-b2043.56-10027231)
# Java VM: OpenJDK 64-Bit Server VM (17.0.6+0-b2043.56-10027231, mixed mode, tiered, compressed oops, compressed class ptrs, g1 gc, windows-amd64)
# No core dump will be written. Minidumps are not enabled by default on client versions of Windows
#

---------------  S U M M A R Y ------------

Command Line: --add-opens=java.base/java.util=ALL-UNNAMED --add-opens=java.base/java.lang=ALL-UNNAMED --add-opens=java.base/java.lang.invoke=ALL-UNNAMED --add-opens=java.prefs/java.util.prefs=ALL-UNNAMED --add-opens=java.base/java.nio.charset=ALL-UNNAMED --add-opens=java.base/java.net=ALL-UNNAMED --add-opens=java.base/java.util.concurrent.atomic=ALL-UNNAMED -Xmx2048m -Dfile.encoding=UTF-8 -Duser.country=IN -Duser.language=en -Duser.variant org.gradle.launcher.daemon.bootstrap.GradleDaemon 8.0

Host: Intel(R) Core(TM) i5-1035G1 CPU @ 1.00GHz, 8 cores, 7G,  Windows 11 , 64 bit Build 22621 (10.0.22621.2070)
Time: Tue Sep 19 15:16:09 2023 India Standard Time elapsed time: 5.716965 seconds (0d 0h 0m 5s)

---------------  T H R E A D  ---------------

Current thread (0x000001728a66c820):  JavaThread "C2 CompilerThread1" daemon [_thread_in_native, id=42356, stack(0x0000003372400000,0x0000003372500000)]


Current CompileTask:
C2:   5717 2763   !   4       java.lang.reflect.Executable::declaredAnnotations (85 bytes)

Stack: [0x0000003372400000,0x0000003372500000]
Native frames: (J=compiled Java code, j=interpreted, Vv=VM code, C=native code)
V  [jvm.dll+0x683c9a]
V  [jvm.dll+0x8427a4]
V  [jvm.dll+0x843f9e]
V  [jvm.dll+0x844603]
V  [jvm.dll+0x249b75]
V  [jvm.dll+0xabcac]
V  [jvm.dll+0xac27c]
V  [jvm.dll+0xabdbb]
V  [jvm.dll+0x660dec]
V  [jvm.dll+0x222cd9]
V  [jvm.dll+0x6a6e51]
V  [jvm.dll+0x21b359]
V  [jvm.dll+0x1a4fdd]
V  [jvm.dll+0x22b098]
V  [jvm.dll+0x229159]
V  [jvm.dll+0x7f81ec]
V  [jvm.dll+0x7f274a]
V  [jvm.dll+0x682ad5]
C  [ucrtbase.dll+0x29363]
C  [KERNEL32.DLL+0x126ad]
C  [ntdll.dll+0x5aa68]


---------------  P R O C E S S  ---------------

Threads class SMR info:
_java_thread_list=0x0000017287f7d9d0, length=34, elements={
0x00000172ec87aa60, 0x0000017287013260, 0x0000017287015630, 0x0000017286745220,
0x0000017286745dd0, 0x0000017286746880, 0x0000017287037910, 0x0000017287040120,
0x0000017287042640, 0x000001728704b560, 0x00000172871b0890, 0x00000172871b0d60,
0x0000017289ece0a0, 0x0000017289c132b0, 0x0000017288989ea0, 0x0000017288a14950,
0x0000017289f58d90, 0x0000017289f583f0, 0x0000017289f57a50, 0x0000017289f570b0,
0x0000017289f56240, 0x0000017289f55d70, 0x0000017289f56710, 0x0000017289f588c0,
0x0000017289f56be0, 0x0000017289f57580, 0x0000017289f553d0, 0x0000017289d61740,
0x0000017289d5ff30, 0x0000017289d62a80, 0x0000017289d5fa60, 0x0000017289d60400,
0x0000017289d61270, 0x000001728a66c820
}

Java Threads: ( => current thread )
  0x00000172ec87aa60 JavaThread "main" [_thread_blocked, id=22152, stack(0x000000336f400000,0x000000336f500000)]
  0x0000017287013260 JavaThread "Reference Handler" daemon [_thread_blocked, id=27020, stack(0x000000336fb00000,0x000000336fc00000)]
  0x0000017287015630 JavaThread "Finalizer" daemon [_thread_blocked, id=24820, stack(0x000000336fc00000,0x000000336fd00000)]
  0x0000017286745220 JavaThread "Signal Dispatcher" daemon [_thread_blocked, id=23256, stack(0x000000336fd00000,0x000000336fe00000)]
  0x0000017286745dd0 JavaThread "Attach Listener" daemon [_thread_blocked, id=39496, stack(0x000000336fe00000,0x000000336ff00000)]
  0x0000017286746880 JavaThread "Service Thread" daemon [_thread_blocked, id=9820, stack(0x000000336ff00000,0x0000003370000000)]
  0x0000017287037910 JavaThread "Monitor Deflation Thread" daemon [_thread_blocked, id=40720, stack(0x0000003370000000,0x0000003370100000)]
  0x0000017287040120 JavaThread "C2 CompilerThread0" daemon [_thread_blocked, id=22304, stack(0x0000003370100000,0x0000003370200000)]
  0x0000017287042640 JavaThread "C1 CompilerThread0" daemon [_thread_blocked, id=30048, stack(0x0000003370200000,0x0000003370300000)]
  0x000001728704b560 JavaThread "Sweeper thread" daemon [_thread_blocked, id=4704, stack(0x0000003370300000,0x0000003370400000)]
  0x00000172871b0890 JavaThread "Common-Cleaner" daemon [_thread_blocked, id=29928, stack(0x0000003370400000,0x0000003370500000)]
  0x00000172871b0d60 JavaThread "Notification Thread" daemon [_thread_blocked, id=33416, stack(0x0000003370500000,0x0000003370600000)]
  0x0000017289ece0a0 JavaThread "Daemon health stats" [_thread_blocked, id=42424, stack(0x0000003370c00000,0x0000003370d00000)]
  0x0000017289c132b0 JavaThread "Incoming local TCP Connector on port 58991" [_thread_in_native, id=19888, stack(0x0000003370d00000,0x0000003370e00000)]
  0x0000017288989ea0 JavaThread "Daemon periodic checks" [_thread_blocked, id=6848, stack(0x0000003370e00000,0x0000003370f00000)]
  0x0000017288a14950 JavaThread "Daemon" [_thread_blocked, id=29184, stack(0x0000003370f00000,0x0000003371000000)]
  0x0000017289f58d90 JavaThread "Handler for socket connection from /127.0.0.1:58991 to /127.0.0.1:58992" [_thread_in_native, id=27940, stack(0x0000003371000000,0x0000003371100000)]
  0x0000017289f583f0 JavaThread "Cancel handler" [_thread_blocked, id=2976, stack(0x0000003371100000,0x0000003371200000)]
  0x0000017289f57a50 JavaThread "Daemon worker" [_thread_in_native, id=2400, stack(0x0000003371200000,0x0000003371300000)]
  0x0000017289f570b0 JavaThread "Asynchronous log dispatcher for DefaultDaemonConnection: socket connection from /127.0.0.1:58991 to /127.0.0.1:58992" [_thread_blocked, id=27880, stack(0x0000003371300000,0x0000003371400000)]
  0x0000017289f56240 JavaThread "Stdin handler" [_thread_blocked, id=34880, stack(0x0000003371400000,0x0000003371500000)]
  0x0000017289f55d70 JavaThread "Daemon client event forwarder" [_thread_blocked, id=40944, stack(0x0000003371500000,0x0000003371600000)]
  0x0000017289f56710 JavaThread "Cache worker for journal cache (C:\Program Files\Android\gradle-7.2\caches\journal-1)" [_thread_blocked, id=28476, stack(0x0000003371a00000,0x0000003371b00000)]
  0x0000017289f588c0 JavaThread "File lock request listener" [_thread_in_native, id=11148, stack(0x0000003371b00000,0x0000003371c00000)]
  0x0000017289f56be0 JavaThread "Cache worker for file hash cache (C:\Program Files\Android\gradle-7.2\caches\8.0\fileHashes)" [_thread_blocked, id=14596, stack(0x0000003371c00000,0x0000003371d00000)]
  0x0000017289f57580 JavaThread "File watcher server" daemon [_thread_in_native, id=23028, stack(0x0000003371d00000,0x0000003371e00000)]
  0x0000017289f553d0 JavaThread "File watcher consumer" daemon [_thread_blocked, id=42828, stack(0x0000003371e00000,0x0000003371f00000)]
  0x0000017289d61740 JavaThread "Cache worker for checksums cache (F:\project\.gradle\8.0\checksums)" [_thread_blocked, id=29300, stack(0x0000003370b00000,0x0000003370c00000)]
  0x0000017289d5ff30 JavaThread "Cache worker for cache directory md-rule (C:\Program Files\Android\gradle-7.2\caches\8.0\md-rule)" [_thread_blocked, id=39324, stack(0x0000003371f00000,0x0000003372000000)]
  0x0000017289d62a80 JavaThread "Cache worker for file content cache (C:\Program Files\Android\gradle-7.2\caches\8.0\fileContent)" [_thread_blocked, id=34724, stack(0x0000003372000000,0x0000003372100000)]
  0x0000017289d5fa60 JavaThread "Cache worker for file hash cache (F:\project\.gradle\8.0\fileHashes)" [_thread_blocked, id=24392, stack(0x0000003372100000,0x0000003372200000)]
  0x0000017289d60400 JavaThread "Cache worker for cache directory md-supplier (C:\Program Files\Android\gradle-7.2\caches\8.0\md-supplier)" [_thread_blocked, id=34024, stack(0x0000003372200000,0x0000003372300000)]
  0x0000017289d61270 JavaThread "Cache worker for execution history cache (C:\Program Files\Android\gradle-7.2\caches\8.0\executionHistory)" [_thread_blocked, id=23068, stack(0x0000003372300000,0x0000003372400000)]
=>0x000001728a66c820 JavaThread "C2 CompilerThread1" daemon [_thread_in_native, id=42356, stack(0x0000003372400000,0x0000003372500000)]

Other Threads:
  0x000001728672e070 VMThread "VM Thread" [stack: 0x000000336fa00000,0x000000336fb00000] [id=13744]
  0x00000172871b1230 WatcherThread [stack: 0x0000003370600000,0x0000003370700000] [id=34640]
  0x00000172ec8d5ce0 GCTaskThread "GC Thread#0" [stack: 0x000000336f500000,0x000000336f600000] [id=1428]
  0x0000017287b1ebf0 GCTaskThread "GC Thread#1" [stack: 0x0000003370700000,0x0000003370800000] [id=8040]
  0x0000017287bd2be0 GCTaskThread "GC Thread#2" [stack: 0x0000003370800000,0x0000003370900000] [id=36112]
  0x0000017287ceceb0 GCTaskThread "GC Thread#3" [stack: 0x0000003370900000,0x0000003370a00000] [id=12716]
  0x000001728854e650 GCTaskThread "GC Thread#4" [stack: 0x0000003370a00000,0x0000003370b00000] [id=40052]
  0x0000017287d3a820 GCTaskThread "GC Thread#5" [stack: 0x0000003371600000,0x0000003371700000] [id=10472]
  0x0000017289ac2020 GCTaskThread "GC Thread#6" [stack: 0x0000003371700000,0x0000003371800000] [id=3316]
  0x000001728980c610 GCTaskThread "GC Thread#7" [stack: 0x0000003371800000,0x0000003371900000] [id=2096]
  0x00000172ec8e6df0 ConcurrentGCThread "G1 Main Marker" [stack: 0x000000336f600000,0x000000336f700000] [id=14868]
  0x00000172ec8e7fa0 ConcurrentGCThread "G1 Conc#0" [stack: 0x000000336f700000,0x000000336f800000] [id=39276]
  0x0000017288addba0 ConcurrentGCThread "G1 Conc#1" [stack: 0x0000003371900000,0x0000003371a00000] [id=19904]
  0x00000172ec93e790 ConcurrentGCThread "G1 Refine#0" [stack: 0x000000336f800000,0x000000336f900000] [id=35224]
  0x00000172865831d0 ConcurrentGCThread "G1 Service" [stack: 0x000000336f900000,0x000000336fa00000] [id=27168]

Threads with active compile tasks:
C2 CompilerThread0     5751 2788   !   4       java.util.zip.ZipFile$ZipFileInflaterInputStream::close (67 bytes)
C2 CompilerThread1     5751 2763   !   4       java.lang.reflect.Executable::declaredAnnotations (85 bytes)

VM state: not at safepoint (normal execution)

VM Mutex/Monitor currently owned by a thread: None

Heap address: 0x0000000080000000, size: 2048 MB, Compressed Oops mode: 32-bit

CDS archive(s) not mapped
Compressed class space mapped at: 0x0000000100000000-0x0000000140000000, reserved size: 1073741824
Narrow klass base: 0x0000000000000000, Narrow klass shift: 3, Narrow klass range: 0x140000000

GC Precious Log:
 CPUs: 8 total, 8 available
 Memory: 7973M
 Large Page Support: Disabled
 NUMA Support: Disabled
 Compressed Oops: Enabled (32-bit)
 Heap Region Size: 1M
 Heap Min Capacity: 8M
 Heap Initial Capacity: 126M
 Heap Max Capacity: 2G
 Pre-touch: Disabled
 Parallel Workers: 8
 Concurrent Workers: 2
 Concurrent Refinement Workers: 8
 Periodic GC: Disabled

Heap:
 garbage-first heap   total 68608K, used 39361K [0x0000000080000000, 0x0000000100000000)
  region size 1024K, 22 young (22528K), 4 survivors (4096K)
 Metaspace       used 33017K, committed 33280K, reserved 1081344K
  class space    used 4552K, committed 4672K, reserved 1048576K

Heap Regions: E=young(eden), S=young(survivor), O=old, HS=humongous(starts), HC=humongous(continues), CS=collection set, F=free, OA=open archive, CA=closed archive, TAMS=top-at-mark-start (previous, next)
|   0|0x0000000080000000, 0x0000000080100000, 0x0000000080100000|100%|HS|  |TAMS 0x0000000080100000, 0x0000000080000000| Complete 
|   1|0x0000000080100000, 0x0000000080200000, 0x0000000080200000|100%|HC|  |TAMS 0x0000000080200000, 0x0000000080100000| Complete 
|   2|0x0000000080200000, 0x0000000080300000, 0x0000000080300000|100%|HC|  |TAMS 0x0000000080300000, 0x0000000080200000| Complete 
|   3|0x0000000080300000, 0x0000000080400000, 0x0000000080400000|100%|HC|  |TAMS 0x0000000080400000, 0x0000000080300000| Complete 
|   4|0x0000000080400000, 0x0000000080500000, 0x0000000080500000|100%| O|  |TAMS 0x0000000080500000, 0x0000000080400000| Untracked 
|   5|0x0000000080500000, 0x0000000080600000, 0x0000000080600000|100%| O|  |TAMS 0x0000000080600000, 0x0000000080500000| Untracked 
|   6|0x0000000080600000, 0x0000000080700000, 0x0000000080700000|100%| O|  |TAMS 0x0000000080700000, 0x0000000080600000| Untracked 
|   7|0x0000000080700000, 0x0000000080800000, 0x0000000080800000|100%| O|  |TAMS 0x0000000080700000, 0x0000000080700000| Untracked 
|   8|0x0000000080800000, 0x0000000080900000, 0x0000000080900000|100%| O|  |TAMS 0x0000000080900000, 0x0000000080800000| Untracked 
|   9|0x0000000080900000, 0x0000000080a00000, 0x0000000080a00000|100%| O|  |TAMS 0x0000000080a00000, 0x0000000080900000| Untracked 
|  10|0x0000000080a00000, 0x0000000080b00000, 0x0000000080b00000|100%| O|  |TAMS 0x0000000080b00000, 0x0000000080a00000| Untracked 
|  11|0x0000000080b00000, 0x0000000080b13c00, 0x0000000080c00000|  7%| O|  |TAMS 0x0000000080b13c00, 0x0000000080b00000| Untracked 
|  12|0x0000000080c00000, 0x0000000080d00000, 0x0000000080d00000|100%| O|  |TAMS 0x0000000080c00000, 0x0000000080c00000| Untracked 
|  13|0x0000000080d00000, 0x0000000080e00000, 0x0000000080e00000|100%| O|  |TAMS 0x0000000080d00000, 0x0000000080d00000| Untracked 
|  14|0x0000000080e00000, 0x0000000080f00000, 0x0000000080f00000|100%| O|  |TAMS 0x0000000080e00000, 0x0000000080e00000| Untracked 
|  15|0x0000000080f00000, 0x0000000081000000, 0x0000000081000000|100%| O|  |TAMS 0x0000000080f00000, 0x0000000080f00000| Untracked 
|  16|0x0000000081000000, 0x0000000081100000, 0x0000000081100000|100%| O|  |TAMS 0x0000000081000000, 0x0000000081000000| Untracked 
|  17|0x0000000081100000, 0x0000000081200000, 0x0000000081200000|100%| O|  |TAMS 0x0000000081100000, 0x0000000081100000| Untracked 
|  18|0x0000000081200000, 0x00000000812e0200, 0x0000000081300000| 87%| O|  |TAMS 0x0000000081200000, 0x0000000081200000| Untracked 
|  19|0x0000000081300000, 0x0000000081300000, 0x0000000081400000|  0%| F|  |TAMS 0x0000000081300000, 0x0000000081300000| Untracked 
|  20|0x0000000081400000, 0x0000000081400000, 0x0000000081500000|  0%| F|  |TAMS 0x0000000081400000, 0x0000000081400000| Untracked 
|  21|0x0000000081500000, 0x0000000081500000, 0x0000000081600000|  0%| F|  |TAMS 0x0000000081500000, 0x0000000081500000| Untracked 
|  22|0x0000000081600000, 0x0000000081600000, 0x0000000081700000|  0%| F|  |TAMS 0x0000000081600000, 0x0000000081600000| Untracked 
|  23|0x0000000081700000, 0x0000000081700000, 0x0000000081800000|  0%| F|  |TAMS 0x0000000081700000, 0x0000000081700000| Untracked 
|  24|0x0000000081800000, 0x0000000081800000, 0x0000000081900000|  0%| F|  |TAMS 0x0000000081800000, 0x0000000081800000| Untracked 
|  25|0x0000000081900000, 0x0000000081900000, 0x0000000081a00000|  0%| F|  |TAMS 0x0000000081900000, 0x0000000081900000| Untracked 
|  26|0x0000000081a00000, 0x0000000081a00000, 0x0000000081b00000|  0%| F|  |TAMS 0x0000000081a00000, 0x0000000081a00000| Untracked 
|  27|0x0000000081b00000, 0x0000000081b00000, 0x0000000081c00000|  0%| F|  |TAMS 0x0000000081b00000, 0x0000000081b00000| Untracked 
|  28|0x0000000081c00000, 0x0000000081c00000, 0x0000000081d00000|  0%| F|  |TAMS 0x0000000081c00000, 0x0000000081c00000| Untracked 
|  29|0x0000000081d00000, 0x0000000081d00000, 0x0000000081e00000|  0%| F|  |TAMS 0x0000000081d00000, 0x0000000081d00000| Untracked 
|  30|0x0000000081e00000, 0x0000000081e00000, 0x0000000081f00000|  0%| F|  |TAMS 0x0000000081e00000, 0x0000000081e00000| Untracked 
|  31|0x0000000081f00000, 0x0000000081f00000, 0x0000000082000000|  0%| F|  |TAMS 0x0000000081f00000, 0x0000000081f00000| Untracked 
|  32|0x0000000082000000, 0x0000000082000000, 0x0000000082100000|  0%| F|  |TAMS 0x0000000082000000, 0x0000000082000000| Untracked 
|  33|0x0000000082100000, 0x0000000082100000, 0x0000000082200000|  0%| F|  |TAMS 0x0000000082100000, 0x0000000082100000| Untracked 
|  34|0x0000000082200000, 0x0000000082200000, 0x0000000082300000|  0%| F|  |TAMS 0x0000000082200000, 0x0000000082200000| Untracked 
|  35|0x0000000082300000, 0x0000000082300000, 0x0000000082400000|  0%| F|  |TAMS 0x0000000082300000, 0x0000000082300000| Untracked 
|  36|0x0000000082400000, 0x0000000082400000, 0x0000000082500000|  0%| F|  |TAMS 0x0000000082400000, 0x0000000082400000| Untracked 
|  37|0x0000000082500000, 0x000000008257c940, 0x0000000082600000| 48%| S|CS|TAMS 0x0000000082500000, 0x0000000082500000| Complete 
|  38|0x0000000082600000, 0x0000000082700000, 0x0000000082700000|100%| S|CS|TAMS 0x0000000082600000, 0x0000000082600000| Complete 
|  39|0x0000000082700000, 0x0000000082800000, 0x0000000082800000|100%| S|CS|TAMS 0x0000000082700000, 0x0000000082700000| Complete 
|  40|0x0000000082800000, 0x0000000082900000, 0x0000000082900000|100%| S|CS|TAMS 0x0000000082800000, 0x0000000082800000| Complete 
|  41|0x0000000082900000, 0x0000000082900000, 0x0000000082a00000|  0%| F|  |TAMS 0x0000000082900000, 0x0000000082900000| Untracked 
|  42|0x0000000082a00000, 0x0000000082a00000, 0x0000000082b00000|  0%| F|  |TAMS 0x0000000082a00000, 0x0000000082a00000| Untracked 
|  43|0x0000000082b00000, 0x0000000082b00000, 0x0000000082c00000|  0%| F|  |TAMS 0x0000000082b00000, 0x0000000082b00000| Untracked 
|  44|0x0000000082c00000, 0x0000000082c00000, 0x0000000082d00000|  0%| F|  |TAMS 0x0000000082c00000, 0x0000000082c00000| Untracked 
|  45|0x0000000082d00000, 0x0000000082d00000, 0x0000000082e00000|  0%| F|  |TAMS 0x0000000082d00000, 0x0000000082d00000| Untracked 
|  46|0x0000000082e00000, 0x0000000082e00000, 0x0000000082f00000|  0%| F|  |TAMS 0x0000000082e00000, 0x0000000082e00000| Untracked 
|  47|0x0000000082f00000, 0x0000000082f00000, 0x0000000083000000|  0%| F|  |TAMS 0x0000000082f00000, 0x0000000082f00000| Untracked 
|  48|0x0000000083000000, 0x0000000083000000, 0x0000000083100000|  0%| F|  |TAMS 0x0000000083000000, 0x0000000083000000| Untracked 
|  49|0x0000000083100000, 0x0000000083160a48, 0x0000000083200000| 37%| E|  |TAMS 0x0000000083100000, 0x0000000083100000| Complete 
|  50|0x0000000083200000, 0x0000000083300000, 0x0000000083300000|100%| E|CS|TAMS 0x0000000083200000, 0x0000000083200000| Complete 
|  51|0x0000000083300000, 0x0000000083400000, 0x0000000083400000|100%| E|CS|TAMS 0x0000000083300000, 0x0000000083300000| Complete 
|  52|0x0000000083400000, 0x0000000083500000, 0x0000000083500000|100%| E|CS|TAMS 0x0000000083400000, 0x0000000083400000| Complete 
|  53|0x0000000083500000, 0x0000000083600000, 0x0000000083600000|100%| E|CS|TAMS 0x0000000083500000, 0x0000000083500000| Complete 
|  54|0x0000000083600000, 0x0000000083700000, 0x0000000083700000|100%| E|CS|TAMS 0x0000000083600000, 0x0000000083600000| Complete 
|  55|0x0000000083700000, 0x0000000083800000, 0x0000000083800000|100%| E|CS|TAMS 0x0000000083700000, 0x0000000083700000| Complete 
|  56|0x0000000083800000, 0x0000000083900000, 0x0000000083900000|100%| E|CS|TAMS 0x0000000083800000, 0x0000000083800000| Complete 
|  57|0x0000000083900000, 0x0000000083a00000, 0x0000000083a00000|100%| E|CS|TAMS 0x0000000083900000, 0x0000000083900000| Complete 
|  75|0x0000000084b00000, 0x0000000084c00000, 0x0000000084c00000|100%| E|CS|TAMS 0x0000000084b00000, 0x0000000084b00000| Complete 
|  76|0x0000000084c00000, 0x0000000084d00000, 0x0000000084d00000|100%| E|CS|TAMS 0x0000000084c00000, 0x0000000084c00000| Complete 
|  77|0x0000000084d00000, 0x0000000084e00000, 0x0000000084e00000|100%| E|CS|TAMS 0x0000000084d00000, 0x0000000084d00000| Complete 
|  78|0x0000000084e00000, 0x0000000084f00000, 0x0000000084f00000|100%| E|CS|TAMS 0x0000000084e00000, 0x0000000084e00000| Complete 
|  79|0x0000000084f00000, 0x0000000085000000, 0x0000000085000000|100%| E|CS|TAMS 0x0000000084f00000, 0x0000000084f00000| Complete 
|  80|0x0000000085000000, 0x0000000085100000, 0x0000000085100000|100%| E|CS|TAMS 0x0000000085000000, 0x0000000085000000| Complete 
|  81|0x0000000085100000, 0x0000000085200000, 0x0000000085200000|100%| E|CS|TAMS 0x0000000085100000, 0x0000000085100000| Complete 
|  82|0x0000000085200000, 0x0000000085300000, 0x0000000085300000|100%| E|CS|TAMS 0x0000000085200000, 0x0000000085200000| Complete 
| 125|0x0000000087d00000, 0x0000000087e00000, 0x0000000087e00000|100%| E|CS|TAMS 0x0000000087d00000, 0x0000000087d00000| Complete 

Card table byte_map: [0x00000172ff470000,0x00000172ff870000] _byte_map_base: 0x00000172ff070000

Marking Bits (Prev, Next): (CMBitMap*) 0x00000172ec8d6330, (CMBitMap*) 0x00000172ec8d62f0
 Prev Bits: [0x0000017282000000, 0x0000017284000000)
 Next Bits: [0x0000017280000000, 0x0000017282000000)

Polling page: 0x00000172ec040000

Metaspace:

Usage:
  Non-class:     27.86 MB used.
      Class:      4.45 MB used.
       Both:     32.31 MB used.

Virtual space:
  Non-class space:       32.00 MB reserved,      28.00 MB ( 88%) committed,  4 nodes.
      Class space:        1.00 GB reserved,       4.56 MB ( <1%) committed,  1 nodes.
             Both:        1.03 GB reserved,      32.56 MB (  3%) committed. 

Chunk freelists:
   Non-Class:  3.62 MB
       Class:  3.27 MB
        Both:  6.89 MB

MaxMetaspaceSize: unlimited
CompressedClassSpaceSize: 1.00 GB
Initial GC threshold: 21.00 MB
Current GC threshold: 35.12 MB
CDS: off
MetaspaceReclaimPolicy: balanced
 - commit_granule_bytes: 65536.
 - commit_granule_words: 8192.
 - virtual_space_node_default_size: 1048576.
 - enlarge_chunks_in_place: 1.
 - new_chunks_are_fully_committed: 0.
 - uncommit_free_chunks: 1.
 - use_allocation_guard: 0.
 - handle_deallocations: 1.


Internal statistics:

num_allocs_failed_limit: 3.
num_arena_births: 252.
num_arena_deaths: 0.
num_vsnodes_births: 5.
num_vsnodes_deaths: 0.
num_space_committed: 521.
num_space_uncommitted: 0.
num_chunks_returned_to_freelist: 3.
num_chunks_taken_from_freelist: 1180.
num_chunk_merges: 3.
num_chunk_splits: 775.
num_chunks_enlarged: 542.
num_purges: 0.
num_inconsistent_stats: 0.

CodeHeap 'non-profiled nmethods': size=120000Kb used=1508Kb max_used=1508Kb free=118491Kb
 bounds [0x00000172f7810000, 0x00000172f7a80000, 0x00000172fed40000]
CodeHeap 'profiled nmethods': size=120000Kb used=5810Kb max_used=5810Kb free=114189Kb
 bounds [0x00000172efd40000, 0x00000172f02f0000, 0x00000172f7270000]
CodeHeap 'non-nmethods': size=5760Kb used=1242Kb max_used=1291Kb free=4517Kb
 bounds [0x00000172f7270000, 0x00000172f74e0000, 0x00000172f7810000]
 total_blobs=3324 nmethods=2784 adapters=452
 compilation: enabled
              stopped_count=0, restarted_count=0
 full_count=0

Compilation events (20 events):
Event: 5.708 Thread 0x0000017287042640 nmethod 2774 0x00000172f02dfa10 code [0x00000172f02dfc60, 0x00000172f02e02e8]
Event: 5.708 Thread 0x0000017287042640 2773       3       org.objectweb.asm.Type::getType (122 bytes)
Event: 5.709 Thread 0x0000017287042640 nmethod 2773 0x00000172f02e0610 code [0x00000172f02e08a0, 0x00000172f02e1268]
Event: 5.709 Thread 0x0000017287042640 2772       3       org.objectweb.asm.SymbolTable::addTypeInternal (85 bytes)
Event: 5.709 Thread 0x0000017287042640 nmethod 2772 0x00000172f02e1510 code [0x00000172f02e16e0, 0x00000172f02e1cf8]
Event: 5.709 Thread 0x0000017287042640 2771       3       java.util.stream.AbstractPipeline::sourceSpliterator (265 bytes)
Event: 5.710 Thread 0x0000017287042640 nmethod 2771 0x00000172f02e1e90 code [0x00000172f02e2120, 0x00000172f02e3028]
Event: 5.710 Thread 0x0000017287042640 2766       3       java.util.TreeMap$ValueIterator::next (8 bytes)
Event: 5.710 Thread 0x0000017287042640 nmethod 2766 0x00000172f02e3590 code [0x00000172f02e3740, 0x00000172f02e3888]
Event: 5.711 Thread 0x0000017287042640 2768       1       com.google.common.collect.LinkedHashMultimap$ValueEntry::setSuccessorInMultimap (6 bytes)
Event: 5.711 Thread 0x0000017287042640 nmethod 2768 0x00000172f7987490 code [0x00000172f7987620, 0x00000172f7987738]
Event: 5.711 Thread 0x0000017287042640 2769       1       com.google.common.collect.LinkedHashMultimap$ValueEntry::setPredecessorInMultimap (6 bytes)
Event: 5.711 Thread 0x0000017287042640 nmethod 2769 0x00000172f7987790 code [0x00000172f7987920, 0x00000172f7987a38]
Event: 5.711 Thread 0x0000017287042640 2767       1       org.gradle.internal.instantiation.generator.AbstractClassGenerator$ClassGenerationHandler::claimPropertyImplementation (2 bytes)
Event: 5.711 Thread 0x0000017287042640 nmethod 2767 0x00000172f7987a90 code [0x00000172f7987c20, 0x00000172f7987cf8]
Event: 5.713 Thread 0x0000017287040120 nmethod 2765 0x00000172f7987d90 code [0x00000172f7987f40, 0x00000172f7988338]
Event: 5.713 Thread 0x0000017287040120 2770       4       java.util.regex.Pattern$BmpCharProperty::match (55 bytes)
Event: 5.713 Thread 0x0000017287042640 2775       3       org.gradle.internal.reflect.MutablePropertyDetails::addGetter (9 bytes)
Event: 5.714 Thread 0x0000017287042640 nmethod 2775 0x00000172f02e3990 code [0x00000172f02e3b40, 0x00000172f02e3ca8]
Event: 5.714 Thread 0x0000017287042640 2776       3       org.gradle.internal.instantiation.generator.AbstractClassGenerator$MethodMetadata::shouldOverride (29 bytes)

GC Heap History (10 events):
Event: 1.243 GC heap before
{Heap before GC invocations=0 (full 0):
 garbage-first heap   total 129024K, used 26624K [0x0000000080000000, 0x0000000100000000)
  region size 1024K, 23 young (23552K), 0 survivors (0K)
 Metaspace       used 10285K, committed 10432K, reserved 1064960K
  class space    used 1061K, committed 1152K, reserved 1048576K
}
Event: 1.250 GC heap after
{Heap after GC invocations=1 (full 0):
 garbage-first heap   total 129024K, used 10239K [0x0000000080000000, 0x0000000100000000)
  region size 1024K, 3 young (3072K), 3 survivors (3072K)
 Metaspace       used 10285K, committed 10432K, reserved 1064960K
  class space    used 1061K, committed 1152K, reserved 1048576K
}
Event: 1.971 GC heap before
{Heap before GC invocations=1 (full 0):
 garbage-first heap   total 129024K, used 39935K [0x0000000080000000, 0x0000000100000000)
  region size 1024K, 31 young (31744K), 3 survivors (3072K)
 Metaspace       used 11221K, committed 11456K, reserved 1064960K
  class space    used 1164K, committed 1280K, reserved 1048576K
}
Event: 1.978 GC heap after
{Heap after GC invocations=2 (full 0):
 garbage-first heap   total 129024K, used 12669K [0x0000000080000000, 0x0000000100000000)
  region size 1024K, 3 young (3072K), 3 survivors (3072K)
 Metaspace       used 11221K, committed 11456K, reserved 1064960K
  class space    used 1164K, committed 1280K, reserved 1048576K
}
Event: 3.417 GC heap before
{Heap before GC invocations=2 (full 0):
 garbage-first heap   total 129024K, used 51581K [0x0000000080000000, 0x0000000100000000)
  region size 1024K, 43 young (44032K), 3 survivors (3072K)
 Metaspace       used 21219K, committed 21504K, reserved 1073152K
  class space    used 2582K, committed 2752K, reserved 1048576K
}
Event: 3.423 GC heap after
{Heap after GC invocations=3 (full 0):
 garbage-first heap   total 129024K, used 18308K [0x0000000080000000, 0x0000000100000000)
  region size 1024K, 8 young (8192K), 8 survivors (8192K)
 Metaspace       used 21219K, committed 21504K, reserved 1073152K
  class space    used 2582K, committed 2752K, reserved 1048576K
}
Event: 4.398 GC heap before
{Heap before GC invocations=4 (full 0):
 garbage-first heap   total 68608K, used 51076K [0x0000000080000000, 0x0000000100000000)
  region size 1024K, 40 young (40960K), 8 survivors (8192K)
 Metaspace       used 26240K, committed 26560K, reserved 1073152K
  class space    used 3454K, committed 3584K, reserved 1048576K
}
Event: 4.414 GC heap after
{Heap after GC invocations=5 (full 0):
 garbage-first heap   total 68608K, used 20535K [0x0000000080000000, 0x0000000100000000)
  region size 1024K, 3 young (3072K), 3 survivors (3072K)
 Metaspace       used 26240K, committed 26560K, reserved 1073152K
  class space    used 3454K, committed 3584K, reserved 1048576K
}
Event: 5.247 GC heap before
{Heap before GC invocations=5 (full 0):
 garbage-first heap   total 68608K, used 47159K [0x0000000080000000, 0x0000000100000000)
  region size 1024K, 29 young (29696K), 3 survivors (3072K)
 Metaspace       used 30425K, committed 30720K, reserved 1081344K
  class space    used 4134K, committed 4288K, reserved 1048576K
}
Event: 5.252 GC heap after
{Heap after GC invocations=6 (full 0):
 garbage-first heap   total 68608K, used 21953K [0x0000000080000000, 0x0000000100000000)
  region size 1024K, 4 young (4096K), 4 survivors (4096K)
 Metaspace       used 30425K, committed 30720K, reserved 1081344K
  class space    used 4134K, committed 4288K, reserved 1048576K
}

Dll operation events (2 events):
Event: 0.014 Loaded shared library C:\Program Files\Android\Android Studio\jbr\bin\java.dll
Event: 0.649 Loaded shared library C:\Program Files\Android\Android Studio\jbr\bin\verify.dll

Deoptimization events (20 events):
Event: 4.230 Thread 0x0000017289f57a50 DEOPT PACKING pc=0x00000172f7912dd8 sp=0x00000033712fb150
Event: 4.230 Thread 0x0000017289f57a50 DEOPT UNPACKING pc=0x00000172f72ca1a3 sp=0x00000033712fb0e8 mode 2
Event: 4.436 Thread 0x0000017289f57a50 Uncommon trap: trap_request=0xffffff45 fr.pc=0x00000172f78339f4 relative=0x00000000000000d4
Event: 4.436 Thread 0x0000017289f57a50 Uncommon trap: reason=unstable_if action=reinterpret pc=0x00000172f78339f4 method=java.util.HashMap.hash(Ljava/lang/Object;)I @ 1 c2
Event: 4.436 Thread 0x0000017289f57a50 DEOPT PACKING pc=0x00000172f78339f4 sp=0x00000033712fa100
Event: 4.436 Thread 0x0000017289f57a50 DEOPT UNPACKING pc=0x00000172f72ca1a3 sp=0x00000033712fa040 mode 2
Event: 4.686 Thread 0x0000017289f57a50 Uncommon trap: trap_request=0xffffff76 fr.pc=0x00000172f794db74 relative=0x0000000000000154
Event: 4.686 Thread 0x0000017289f57a50 Uncommon trap: reason=predicate action=maybe_recompile pc=0x00000172f794db74 method=com.google.common.base.CharMatcher.indexIn(Ljava/lang/CharSequence;I)I @ 19 c2
Event: 4.686 Thread 0x0000017289f57a50 DEOPT PACKING pc=0x00000172f794db74 sp=0x00000033712fbab0
Event: 4.686 Thread 0x0000017289f57a50 DEOPT UNPACKING pc=0x00000172f72ca1a3 sp=0x00000033712fba40 mode 2
Event: 4.844 Thread 0x0000017289f57a50 Uncommon trap: trap_request=0xffffff45 fr.pc=0x00000172f789e8bc relative=0x00000000000011fc
Event: 4.844 Thread 0x0000017289f57a50 Uncommon trap: reason=unstable_if action=reinterpret pc=0x00000172f789e8bc method=java.net.URI.quote(Ljava/lang/String;JJ)Ljava/lang/String; @ 201 c2
Event: 4.844 Thread 0x0000017289f57a50 DEOPT PACKING pc=0x00000172f789e8bc sp=0x00000033712fb1d0
Event: 4.845 Thread 0x0000017289f57a50 DEOPT UNPACKING pc=0x00000172f72ca1a3 sp=0x00000033712fb1b0 mode 2
Event: 5.201 Thread 0x0000017289f57a50 Uncommon trap: trap_request=0xffffff45 fr.pc=0x00000172f785dbf4 relative=0x00000000000004b4
Event: 5.201 Thread 0x0000017289f57a50 Uncommon trap: reason=unstable_if action=reinterpret pc=0x00000172f785dbf4 method=java.util.HashMap.hash(Ljava/lang/Object;)I @ 1 c2
Event: 5.201 Thread 0x0000017289f57a50 DEOPT PACKING pc=0x00000172f785dbf4 sp=0x00000033712f7fc0
Event: 5.201 Thread 0x0000017289f57a50 DEOPT UNPACKING pc=0x00000172f72ca1a3 sp=0x00000033712f7e68 mode 2
Event: 5.398 Thread 0x0000017289f57a50 DEOPT PACKING pc=0x00000172efe04bfa sp=0x00000033712f5150
Event: 5.398 Thread 0x0000017289f57a50 DEOPT UNPACKING pc=0x00000172f72cace3 sp=0x00000033712f46a0 mode 0

Classes unloaded (0 events):
No events

Classes redefined (0 events):
No events

Internal exceptions (20 events):
Event: 4.436 Thread 0x0000017289f57a50 Implicit null exception at 0x00000172f7833958 to 0x00000172f78339ea
Event: 4.581 Thread 0x0000017289f57a50 Exception <a 'java/lang/NoSuchMethodError'{0x0000000084e322e8}: 'void java.lang.invoke.DirectMethodHandle$Holder.invokeStaticInit(java.lang.Object, java.lang.Object)'> (0x0000000084e322e8) 
thrown [s\src\hotspot\share\interpreter\linkResolver.cpp, line 771]
Event: 4.609 Thread 0x0000017289f57a50 Exception <a 'java/lang/NoSuchMethodError'{0x0000000084d68308}: 'java.lang.Object java.lang.invoke.DirectMethodHandle$Holder.invokeStaticInit(java.lang.Object, java.lang.Object, java.lang.Object)'> (0x0000000084d68308) 
thrown [s\src\hotspot\share\interpreter\linkResolver.cpp, line 771]
Event: 4.610 Thread 0x0000017289f57a50 Exception <a 'java/lang/NoSuchMethodError'{0x0000000084d723f8}: 'void java.lang.invoke.DirectMethodHandle$Holder.invokeStatic(java.lang.Object, java.lang.Object, java.lang.Object, java.lang.Object, java.lang.Object, java.lang.Object)'> (0x0000000084d723f8) 
thrown [s\src\hotspot\share\interpreter\linkResolver.cpp, line 771]
Event: 4.728 Thread 0x0000017289f57a50 Exception <a 'java/lang/NoSuchMethodError'{0x00000000838192b0}: 'void java.lang.invoke.DirectMethodHandle$Holder.invokeStatic(java.lang.Object, java.lang.Object, java.lang.Object, java.lang.Object)'> (0x00000000838192b0) 
thrown [s\src\hotspot\share\interpreter\linkResolver.cpp, line 771]
Event: 4.730 Thread 0x0000017289f57a50 Exception <a 'java/lang/NoSuchMethodError'{0x000000008382c7a0}: 'int java.lang.invoke.DirectMethodHandle$Holder.invokeVirtual(java.lang.Object, java.lang.Object)'> (0x000000008382c7a0) 
thrown [s\src\hotspot\share\interpreter\linkResolver.cpp, line 771]
Event: 4.735 Thread 0x0000017289f57a50 Exception <a 'java/lang/NoSuchMethodError'{0x0000000083877ae8}: 'int java.lang.invoke.DirectMethodHandle$Holder.invokeVirtual(java.lang.Object, java.lang.Object, java.lang.Object)'> (0x0000000083877ae8) 
thrown [s\src\hotspot\share\interpreter\linkResolver.cpp, line 771]
Event: 4.844 Thread 0x0000017289f57a50 Implicit null exception at 0x00000172f789da13 to 0x00000172f789e8aa
Event: 4.993 Thread 0x0000017289f57a50 Exception <a 'java/lang/NoSuchMethodError'{0x0000000082fdb790}: 'java.lang.Object java.lang.invoke.DirectMethodHandle$Holder.invokeSpecialIFC(java.lang.Object, java.lang.Object, java.lang.Object, java.lang.Object)'> (0x0000000082fdb790) 
thrown [s\src\hotspot\share\interpreter\linkResolver.cpp, line 771]
Event: 5.201 Thread 0x0000017289f57a50 Implicit null exception at 0x00000172f785d793 to 0x00000172f785dbd8
Event: 5.282 Thread 0x0000017289f57a50 Exception <a 'java/lang/NoSuchMethodError'{0x0000000085240d58}: 'java.lang.Object java.lang.invoke.DirectMethodHandle$Holder.invokeSpecial(java.lang.Object, java.lang.Object, java.lang.Object, java.lang.Object, java.lang.Object, java.lang.Object, java.lang.Object, java.lang.Object, java.lang.Object, java.lang.Object, java.lang.Object, java.lang.Object, java.lang.Object)'> (0x0000000085240d58) 
thrown [s\src\hotspot\share\interpreter\linkResolver.cpp, line 771]
Event: 5.283 Thread 0x0000017289f57a50 Exception <a 'java/lang/NoSuchMethodError'{0x00000000852520d8}: 'java.lang.Object java.lang.invoke.DirectMethodHandle$Holder.newInvokeSpecial(java.lang.Object, java.lang.Object, java.lang.Object, java.lang.Object, java.lang.Object, java.lang.Object, java.lang.Object, java.lang.Object, java.lang.Object, java.lang.Object, java.lang.Object)'> (0x00000000852520d8) 
thrown [s\src\hotspot\share\interpreter\linkResolver.cpp, line 771]
Event: 5.284 Thread 0x0000017289f57a50 Exception <a 'java/lang/NoSuchMethodError'{0x0000000085257170}: 'java.lang.Object java.lang.invoke.Invokers$Holder.linkToTargetMethod(java.lang.Object, java.lang.Object, java.lang.Object, java.lang.Object, java.lang.Object, java.lang.Object, java.lang.Object, java.lang.Object, java.lang.Object, java.lang.Object, java.lang.Object)'> (0x0000000085257170) 
thrown [s\src\hotspot\share\interpreter\linkResolver.cpp, line 771]
Event: 5.291 Thread 0x0000017289f57a50 Exception <a 'java/lang/NoSuchMethodError'{0x000000008529cbf8}: 'java.lang.Object java.lang.invoke.DirectMethodHandle$Holder.invokeSpecial(java.lang.Object, java.lang.Object, java.lang.Object, java.lang.Object, java.lang.Object, java.lang.Object, java.lang.Object, java.lang.Object, java.lang.Object, java.lang.Object, java.lang.Object, java.lang.Object, java.lang.Object, java.lang.Object)'> (0x000000008529cbf8) 
thrown [s\src\hotspot\share\interpreter\linkResolver.cpp, line 771]
Event: 5.292 Thread 0x0000017289f57a50 Exception <a 'java/lang/NoSuchMethodError'{0x00000000852aef78}: 'java.lang.Object java.lang.invoke.DirectMethodHandle$Holder.newInvokeSpecial(java.lang.Object, java.lang.Object, java.lang.Object, java.lang.Object, java.lang.Object, java.lang.Object, java.lang.Object, java.lang.Object, java.lang.Object, java.lang.Object, java.lang.Object, java.lang.Object)'> (0x00000000852aef78) 
thrown [s\src\hotspot\share\interpreter\linkResolver.cpp, line 771]
Event: 5.293 Thread 0x0000017289f57a50 Exception <a 'java/lang/NoSuchMethodError'{0x00000000852b4910}: 'java.lang.Object java.lang.invoke.Invokers$Holder.linkToTargetMethod(java.lang.Object, java.lang.Object, java.lang.Object, java.lang.Object, java.lang.Object, java.lang.Object, java.lang.Object, java.lang.Object, java.lang.Object, java.lang.Object, java.lang.Object, java.lang.Object)'> (0x00000000852b4910) 
thrown [s\src\hotspot\share\interpreter\linkResolver.cpp, line 771]
Event: 5.311 Thread 0x0000017289f57a50 Exception <a 'java/lang/NoSuchMethodError'{0x0000000085144fe0}: 'java.lang.Object java.lang.invoke.DirectMethodHandle$Holder.invokeStaticInit(java.lang.Object, java.lang.Object, java.lang.Object, java.lang.Object)'> (0x0000000085144fe0) 
thrown [s\src\hotspot\share\interpreter\linkResolver.cpp, line 771]
Event: 5.627 Thread 0x0000017289f57a50 Exception <a 'java/lang/NoSuchMethodError'{0x0000000083793ab0}: 'java.lang.Object java.lang.invoke.DirectMethodHandle$Holder.newInvokeSpecial(java.lang.Object, java.lang.Object, java.lang.Object, java.lang.Object, java.lang.Object, java.lang.Object, java.lang.Object, java.lang.Object)'> (0x0000000083793ab0) 
thrown [s\src\hotspot\share\interpreter\linkResolver.cpp, line 771]
Event: 5.628 Thread 0x0000017289f57a50 Exception <a 'java/lang/NoSuchMethodError'{0x0000000083799890}: 'java.lang.Object java.lang.invoke.Invokers$Holder.linkToTargetMethod(java.lang.Object, java.lang.Object, java.lang.Object, java.lang.Object, java.lang.Object, java.lang.Object, java.lang.Object, java.lang.Object)'> (0x0000000083799890) 
thrown [s\src\hotspot\share\interpreter\linkResolver.cpp, line 771]
Event: 5.644 Thread 0x0000017289f57a50 Exception <a 'java/lang/IncompatibleClassChangeError'{0x00000000837fbf80}: Found class java.lang.Object, but interface was expected> (0x00000000837fbf80) 
thrown [s\src\hotspot\share\interpreter\linkResolver.cpp, line 838]

VM Operations (20 events):
Event: 3.032 Executing VM operation: Cleanup
Event: 3.032 Executing VM operation: Cleanup done
Event: 3.417 Executing VM operation: CollectForMetadataAllocation
Event: 3.423 Executing VM operation: CollectForMetadataAllocation done
Event: 3.430 Executing VM operation: G1Concurrent
Event: 3.431 Executing VM operation: G1Concurrent done
Event: 3.433 Executing VM operation: G1Concurrent
Event: 3.435 Executing VM operation: G1Concurrent done
Event: 3.695 Executing VM operation: HandshakeAllThreads
Event: 3.695 Executing VM operation: HandshakeAllThreads done
Event: 3.695 Executing VM operation: HandshakeAllThreads
Event: 3.695 Executing VM operation: HandshakeAllThreads done
Event: 4.397 Executing VM operation: G1CollectForAllocation
Event: 4.418 Executing VM operation: G1CollectForAllocation done
Event: 5.207 Executing VM operation: HandshakeAllThreads
Event: 5.207 Executing VM operation: HandshakeAllThreads done
Event: 5.247 Executing VM operation: G1CollectForAllocation
Event: 5.252 Executing VM operation: G1CollectForAllocation done
Event: 5.618 Executing VM operation: HandshakeAllThreads
Event: 5.618 Executing VM operation: HandshakeAllThreads done

Events (20 events):
Event: 4.768 Thread 0x000001728854e0a0 Thread exited: 0x000001728854e0a0
Event: 4.984 Thread 0x0000017289d61740 Thread added: 0x0000017289d61740
Event: 5.031 Thread 0x0000017289d5ff30 Thread added: 0x0000017289d5ff30
Event: 5.070 Thread 0x0000017289d62a80 Thread added: 0x0000017289d62a80
Event: 5.200 loading class sun/reflect/misc/ReflectUtil
Event: 5.200 loading class sun/reflect/misc/ReflectUtil done
Event: 5.210 loading class java/lang/Class$EnclosingMethodInfo
Event: 5.210 loading class java/lang/Class$EnclosingMethodInfo done
Event: 5.213 loading class sun/reflect/generics/tree/IntSignature
Event: 5.213 loading class sun/reflect/generics/tree/IntSignature done
Event: 5.213 loading class sun/reflect/generics/tree/ArrayTypeSignature
Event: 5.214 loading class sun/reflect/generics/tree/ArrayTypeSignature done
Event: 5.231 loading class java/lang/SafeVarargs
Event: 5.231 loading class java/lang/SafeVarargs done
Event: 5.243 loading class java/util/regex/Pattern$GroupCurly
Event: 5.243 loading class java/util/regex/Pattern$GroupCurly done
Event: 5.303 Thread 0x0000017289d5fa60 Thread added: 0x0000017289d5fa60
Event: 5.366 Thread 0x0000017289d60400 Thread added: 0x0000017289d60400
Event: 5.585 Thread 0x0000017289d61270 Thread added: 0x0000017289d61270
Event: 5.645 Thread 0x000001728a66c820 Thread added: 0x000001728a66c820


Dynamic libraries:
0x00007ff7f7330000 - 0x00007ff7f733a000 	C:\Program Files\Android\Android Studio\jbr\bin\java.exe
0x00007ffd8fbd0000 - 0x00007ffd8fde4000 	C:\WINDOWS\SYSTEM32\ntdll.dll
0x00007ffd8e4a0000 - 0x00007ffd8e564000 	C:\WINDOWS\System32\KERNEL32.DLL
0x00007ffd8d0d0000 - 0x00007ffd8d474000 	C:\WINDOWS\System32\KERNELBASE.dll
0x00007ffd8cfb0000 - 0x00007ffd8d0c1000 	C:\WINDOWS\System32\ucrtbase.dll
0x00007ffd47c00000 - 0x00007ffd47c17000 	C:\Program Files\Android\Android Studio\jbr\bin\jli.dll
0x00007ffd47c70000 - 0x00007ffd47c8b000 	C:\Program Files\Android\Android Studio\jbr\bin\VCRUNTIME140.dll
0x00007ffd8f6a0000 - 0x00007ffd8f84a000 	C:\WINDOWS\System32\USER32.dll
0x00007ffd8d480000 - 0x00007ffd8d4a6000 	C:\WINDOWS\System32\win32u.dll
0x00007ffd6fdf0000 - 0x00007ffd7007f000 	C:\WINDOWS\WinSxS\amd64_microsoft.windows.common-controls_6595b64144ccf1df_6.0.22621.2070_none_2713e6537381f706\COMCTL32.dll
0x00007ffd8e580000 - 0x00007ffd8e5a9000 	C:\WINDOWS\System32\GDI32.dll
0x00007ffd8ded0000 - 0x00007ffd8df77000 	C:\WINDOWS\System32\msvcrt.dll
0x00007ffd8d4b0000 - 0x00007ffd8d5c9000 	C:\WINDOWS\System32\gdi32full.dll
0x00007ffd8d8f0000 - 0x00007ffd8d98a000 	C:\WINDOWS\System32\msvcp_win.dll
0x00007ffd8f660000 - 0x00007ffd8f691000 	C:\WINDOWS\System32\IMM32.DLL
0x00007ffd75cf0000 - 0x00007ffd75cfc000 	C:\Program Files\Android\Android Studio\jbr\bin\vcruntime140_1.dll
0x00007ffd2e710000 - 0x00007ffd2e79d000 	C:\Program Files\Android\Android Studio\jbr\bin\msvcp140.dll
0x00007ffcdd8b0000 - 0x00007ffcde51e000 	C:\Program Files\Android\Android Studio\jbr\bin\server\jvm.dll
0x00007ffd8db20000 - 0x00007ffd8dbd0000 	C:\WINDOWS\System32\ADVAPI32.dll
0x00007ffd8f8c0000 - 0x00007ffd8f966000 	C:\WINDOWS\System32\sechost.dll
0x00007ffd8dbd0000 - 0x00007ffd8dce7000 	C:\WINDOWS\System32\RPCRT4.dll
0x00007ffd827c0000 - 0x00007ffd827f4000 	C:\WINDOWS\SYSTEM32\WINMM.dll
0x00007ffd6e340000 - 0x00007ffd6e349000 	C:\WINDOWS\SYSTEM32\WSOCK32.dll
0x00007ffd82790000 - 0x00007ffd8279a000 	C:\WINDOWS\SYSTEM32\VERSION.dll
0x00007ffd8daa0000 - 0x00007ffd8db11000 	C:\WINDOWS\System32\WS2_32.dll
0x00007ffd8bfa0000 - 0x00007ffd8bfb8000 	C:\WINDOWS\SYSTEM32\kernel.appcore.dll
0x00007ffd856a0000 - 0x00007ffd856aa000 	C:\Program Files\Android\Android Studio\jbr\bin\jimage.dll
0x00007ffd872b0000 - 0x00007ffd874de000 	C:\WINDOWS\SYSTEM32\DBGHELP.DLL
0x00007ffd8df80000 - 0x00007ffd8e30a000 	C:\WINDOWS\System32\combase.dll
0x00007ffd8f320000 - 0x00007ffd8f3f7000 	C:\WINDOWS\System32\OLEAUT32.dll
0x00007ffd6a070000 - 0x00007ffd6a0a2000 	C:\WINDOWS\SYSTEM32\dbgcore.DLL
0x00007ffd8d640000 - 0x00007ffd8d6ba000 	C:\WINDOWS\System32\bcryptPrimitives.dll
0x00007ffd56fc0000 - 0x00007ffd56fe5000 	C:\Program Files\Android\Android Studio\jbr\bin\java.dll
0x00007ffd6fb90000 - 0x00007ffd6fba8000 	C:\Program Files\Android\Android Studio\jbr\bin\zip.dll
0x00007ffd8eb00000 - 0x00007ffd8f316000 	C:\WINDOWS\System32\SHELL32.dll
0x00007ffd8af80000 - 0x00007ffd8b86a000 	C:\WINDOWS\SYSTEM32\windows.storage.dll
0x00007ffd8ae40000 - 0x00007ffd8af7e000 	C:\WINDOWS\SYSTEM32\wintypes.dll
0x00007ffd8d990000 - 0x00007ffd8da83000 	C:\WINDOWS\System32\SHCORE.dll
0x00007ffd8f990000 - 0x00007ffd8f9ee000 	C:\WINDOWS\System32\shlwapi.dll
0x00007ffd8cee0000 - 0x00007ffd8cf06000 	C:\WINDOWS\SYSTEM32\profapi.dll
0x00007ffd6e2c0000 - 0x00007ffd6e2d9000 	C:\Program Files\Android\Android Studio\jbr\bin\net.dll
0x00007ffd82610000 - 0x00007ffd82747000 	C:\WINDOWS\SYSTEM32\WINHTTP.dll
0x00007ffd8c470000 - 0x00007ffd8c4d9000 	C:\WINDOWS\system32\mswsock.dll
0x00007ffd56fa0000 - 0x00007ffd56fb6000 	C:\Program Files\Android\Android Studio\jbr\bin\nio.dll
0x00007ffd85370000 - 0x00007ffd85380000 	C:\Program Files\Android\Android Studio\jbr\bin\verify.dll
0x00007ffd383b0000 - 0x00007ffd383d7000 	C:\Program Files\Android\gradle-7.2\native\68d5fa5c4cc2d200863cafc0d521ce42e7d3e7ee720ec0a83991735586a16f82\windows-amd64\native-platform.dll
0x00007ffd14230000 - 0x00007ffd14374000 	C:\Program Files\Android\gradle-7.2\native\e376f236ea51e6404a007f0833ffe2c6e607c4080706a723a18a27aeea778392\windows-amd64\native-platform-file-events.dll
0x00007ffd82890000 - 0x00007ffd82899000 	C:\Program Files\Android\Android Studio\jbr\bin\management.dll
0x00007ffd70170000 - 0x00007ffd7017b000 	C:\Program Files\Android\Android Studio\jbr\bin\management_ext.dll
0x00007ffd8f650000 - 0x00007ffd8f658000 	C:\WINDOWS\System32\PSAPI.DLL
0x00007ffd8c6c0000 - 0x00007ffd8c6db000 	C:\WINDOWS\SYSTEM32\CRYPTSP.dll
0x00007ffd8bf60000 - 0x00007ffd8bf95000 	C:\WINDOWS\system32\rsaenh.dll
0x00007ffd8c560000 - 0x00007ffd8c58c000 	C:\WINDOWS\SYSTEM32\USERENV.dll
0x00007ffd8c860000 - 0x00007ffd8c888000 	C:\WINDOWS\SYSTEM32\bcrypt.dll
0x00007ffd8c6e0000 - 0x00007ffd8c6ec000 	C:\WINDOWS\SYSTEM32\CRYPTBASE.dll
0x00007ffd8bad0000 - 0x00007ffd8bafd000 	C:\WINDOWS\SYSTEM32\IPHLPAPI.DLL
0x00007ffd8e570000 - 0x00007ffd8e579000 	C:\WINDOWS\System32\NSI.dll
0x00007ffd823e0000 - 0x00007ffd823f9000 	C:\WINDOWS\SYSTEM32\dhcpcsvc6.DLL
0x00007ffd823c0000 - 0x00007ffd823df000 	C:\WINDOWS\SYSTEM32\dhcpcsvc.DLL
0x00007ffd8bb40000 - 0x00007ffd8bc33000 	C:\WINDOWS\SYSTEM32\DNSAPI.dll
0x00007ffd58590000 - 0x00007ffd58598000 	C:\WINDOWS\system32\wshunix.dll

dbghelp: loaded successfully - version: 4.0.5 - missing functions: none
symbol engine: initialized successfully - sym options: 0x614 - pdb path: .;C:\Program Files\Android\Android Studio\jbr\bin;C:\WINDOWS\SYSTEM32;C:\WINDOWS\WinSxS\amd64_microsoft.windows.common-controls_6595b64144ccf1df_6.0.22621.2070_none_2713e6537381f706;C:\Program Files\Android\Android Studio\jbr\bin\server;C:\Program Files\Android\gradle-7.2\native\68d5fa5c4cc2d200863cafc0d521ce42e7d3e7ee720ec0a83991735586a16f82\windows-amd64;C:\Program Files\Android\gradle-7.2\native\e376f236ea51e6404a007f0833ffe2c6e607c4080706a723a18a27aeea778392\windows-amd64

VM Arguments:
jvm_args: --add-opens=java.base/java.util=ALL-UNNAMED --add-opens=java.base/java.lang=ALL-UNNAMED --add-opens=java.base/java.lang.invoke=ALL-UNNAMED --add-opens=java.prefs/java.util.prefs=ALL-UNNAMED --add-opens=java.base/java.nio.charset=ALL-UNNAMED --add-opens=java.base/java.net=ALL-UNNAMED --add-opens=java.base/java.util.concurrent.atomic=ALL-UNNAMED -Xmx2048m -Dfile.encoding=UTF-8 -Duser.country=IN -Duser.language=en -Duser.variant 
java_command: org.gradle.launcher.daemon.bootstrap.GradleDaemon 8.0
java_class_path (initial): C:\Program Files\Android\gradle-7.2\wrapper\dists\gradle-8.0-bin\ca5e32bp14vu59qr306oxotwh\gradle-8.0\lib\gradle-launcher-8.0.jar
Launcher Type: SUN_STANDARD

[Global flags]
     intx CICompilerCount                          = 4                                         {product} {ergonomic}
     uint ConcGCThreads                            = 2                                         {product} {ergonomic}
     uint G1ConcRefinementThreads                  = 8                                         {product} {ergonomic}
   size_t G1HeapRegionSize                         = 1048576                                   {product} {ergonomic}
    uintx GCDrainStackTargetSize                   = 64                                        {product} {ergonomic}
   size_t InitialHeapSize                          = 132120576                                 {product} {ergonomic}
   size_t MarkStackSize                            = 4194304                                   {product} {ergonomic}
   size_t MaxHeapSize                              = 2147483648                                {product} {command line}
   size_t MaxNewSize                               = 1287651328                                {product} {ergonomic}
   size_t MinHeapDeltaBytes                        = 1048576                                   {product} {ergonomic}
   size_t MinHeapSize                              = 8388608                                   {product} {ergonomic}
    uintx NonNMethodCodeHeapSize                   = 5839372                                {pd product} {ergonomic}
    uintx NonProfiledCodeHeapSize                  = 122909434                              {pd product} {ergonomic}
    uintx ProfiledCodeHeapSize                     = 122909434                              {pd product} {ergonomic}
    uintx ReservedCodeCacheSize                    = 251658240                              {pd product} {ergonomic}
     bool SegmentedCodeCache                       = true                                      {product} {ergonomic}
   size_t SoftMaxHeapSize                          = 2147483648                             {manageable} {ergonomic}
     bool UseCompressedClassPointers               = true                           {product lp64_product} {ergonomic}
     bool UseCompressedOops                        = true                           {product lp64_product} {ergonomic}
     bool UseG1GC                                  = true                                      {product} {ergonomic}
     bool UseLargePagesIndividualAllocation        = false                                  {pd product} {ergonomic}

Logging:
Log output configuration:
 #0: stdout all=warning uptime,level,tags
 #1: stderr all=off uptime,level,tags

Environment Variables:
PATH=C:\Python311\Scripts\;C:\Python311\;C:\app\Admin\product\21c\dbhomeXE\bin;C:\Program Files (x86)\Common Files\Oracle\Java\javapath;C:\Program Files\Microsoft\jdk-11.0.12.7-hotspot\bin;C:\WINDOWS\system32;C:\WINDOWS;C:\WINDOWS\System32\Wbem;C:\WINDOWS\System32\WindowsPowerShell\v1.0\;C:\WINDOWS\System32\OpenSSH\;C:\Program Files\Microsoft SQL Server\Client SDK\ODBC\170\Tools\Binn\;C:\Program Files (x86)\Microsoft SQL Server\150\Tools\Binn\;C:\Program Files\Microsoft SQL Server\150\Tools\Binn\;C:\Program Files\Microsoft SQL Server\150\DTS\Binn\;C:\Program Files (x86)\Microsoft SQL Server\110\DTS\Binn\;C:\Program Files (x86)\Microsoft SQL Server\120\DTS\Binn\;C:\Program Files\dotnet\;C:\WINDOWS\system32;C:\WINDOWS;C:\WINDOWS\System32\Wbem;C:\WINDOWS\System32\WindowsPowerShell\v1.0\;C:\WINDOWS\System32\OpenSSH\;C:\Program Files (x86)\Microsoft SQL Server\130\DTS\Binn\;C:\Program Files (x86)\Microsoft SQL Server\140\DTS\Binn\;C:\Program Files (x86)\Microsoft SQL Server\150\DTS\Binn\;C:\Program Files\nodejs\;C:\ProgramData\chocolatey\bin;C:\Users\Admin\AppData\Local\Programs\Python\Python310\Scripts\;C:\Users\Admin\AppData\Local\Programs\Python\Python310\;C:\Users\Admin\AppData\Local\Microsoft\WindowsApps;C:\Program Files\JetBrains\IntelliJ IDEA Community Edition 2021.2.1\bin;;C:\Users\Admin\.dotnet\tools;C:\Program Files\php-8.1.7;C:\Program Files\MongoDB\Server\6.0\bin;;C:\Users\Admin\AppData\Local\Programs\Microsoft VS Code\bin;C:\Users\Admin\AppData\Roaming\npm
USERNAME=Admin
OS=Windows_NT
PROCESSOR_IDENTIFIER=Intel64 Family 6 Model 126 Stepping 5, GenuineIntel
TMP=C:\Users\Admin\AppData\Local\Temp
TEMP=C:\Users\Admin\AppData\Local\Temp


JNI global refs:
JNI global refs: 23, weak refs: 0

JNI global refs memory usage: 843, weak refs: 841


---------------  S Y S T E M  ---------------

OS:
 Windows 11 , 64 bit Build 22621 (10.0.22621.2070)
OS uptime: 10 days 19:15 hours

CPU: total 8 (initial active 8) (4 cores per cpu, 2 threads per core) family 6 model 126 stepping 5 microcode 0xa6, cx8, cmov, fxsr, ht, mmx, 3dnowpref, sse, sse2, sse3, ssse3, sse4.1, sse4.2, popcnt, lzcnt, tsc, tscinvbit, avx, avx2, aes, erms, clmul, bmi1, bmi2, adx, avx512f, avx512dq, avx512cd, avx512bw, avx512vl, sha, fma, vzeroupper, avx512_vpopcntdq, avx512_vpclmulqdq, avx512_vaes, avx512_vnni, clflush, clflushopt, avx512_vbmi2, avx512_vbmi

Memory: 4k page, system-wide physical 7973M (536M free)
TotalPageFile size 32549M (AvailPageFile size 9M)
current process WorkingSet (physical memory assigned to process): 166M, peak: 187M
current process commit charge ("private bytes"): 212M, peak: 261M

vm_info: OpenJDK 64-Bit Server VM (17.0.6+0-b2043.56-10027231) for windows-amd64 JRE (17.0.6+0-b2043.56-10027231), built on Apr 28 2023 00:43:19 by "androidbuild" with MS VC++ 16.10 / 16.11 (VS2019)

END.
